<?xml version="1.0" encoding="UTF-8"?>
<!-- Generated by org.testng.reporters.JUnitXMLReporter -->
<testsuite hostname="DESKTOP-89OTHQ5" ignored="0" name="Test" tests="4" failures="1" timestamp="25 Jul 2021 03:37:42 GMT" time="3.683" errors="0">
  <testcase name="test01" time="2.765" classname="com.tests.LoginTest"/>
  <testcase name="test02" time="0.007" classname="com.tests.LoginTest">
    <skipped/>
  </testcase> <!-- test02 -->
  <testcase name="test02" time="0.003" classname="com.tests.LoginTest">
    <skipped/>
  </testcase> <!-- test02 -->
  <testcase name="test02" time="0.002" classname="com.tests.LoginTest">
    <failure type="java.lang.AssertionError" message="expected [true] but found [false]">
      <![CDATA[java.lang.AssertionError: expected [true] but found [false]
at com.tests.LoginTest.test02(LoginTest.java:29)
... Removed 29 stack frames]]>
    </failure>
  </testcase> <!-- test02 -->
</testsuite> <!-- Test -->
